[main] ERROR tests.LogInLogOutTestPositiveTest  - Error
[main] INFO  tests.LogInLogOutTestPositiveTest  - Info
[main] DEBUG tests.LogInLogOutTestPositiveTest  - Debug
[main] ERROR tests.LogInLogOutTestPositiveTest  - Error
[main] INFO  tests.LogInLogOutTestPositiveTest  - Info
[main] DEBUG tests.LogInLogOutTestPositiveTest  - Debug
[main] ERROR tests.LogInLogOutTestPositiveTest  - Error
[main] INFO  tests.LogInLogOutTestPositiveTest  - Info
[main] DEBUG tests.LogInLogOutTestPositiveTest  - Debug
[main] ERROR tests.LogInLogOutTestPositiveTest  - Error
[main] INFO  tests.LogInLogOutTestPositiveTest  - Info
[main] DEBUG tests.LogInLogOutTestPositiveTest  - Debug
[main] ERROR tests.LogInLogOutTestPositiveTest  - Error
[main] INFO  tests.LogInLogOutTestPositiveTest  - Info
[main] DEBUG tests.LogInLogOutTestPositiveTest  - Debug
[main] ERROR tests.LogInLogOutTestPositiveTest  - Error
[main] INFO  tests.LogInLogOutTestPositiveTest  - Info
[main] DEBUG tests.LogInLogOutTestPositiveTest  - Debug
[main] ERROR tests.LogInLogOutTestPositiveTest  - Error
[main] INFO  tests.LogInLogOutTestPositiveTest  - Info
[main] DEBUG tests.LogInLogOutTestPositiveTest  - Debug
[main] ERROR tests.LogInLogOutTestPositiveTest  - Error
[main] INFO  tests.LogInLogOutTestPositiveTest  - Info
[main] DEBUG tests.LogInLogOutTestPositiveTest  - Debug
[main] ERROR tests.LogInLogOutTestPositiveTest  - Error
[main] INFO  tests.LogInLogOutTestPositiveTest  - Info
[main] DEBUG tests.LogInLogOutTestPositiveTest  - Debug
[main] ERROR tests.LogInLogOutTestPositiveTest  - Error
[main] INFO  tests.LogInLogOutTestPositiveTest  - Info
[main] DEBUG tests.LogInLogOutTestPositiveTest  - Debug
[main] ERROR tests.LogInLogOutTestPositiveTest  - Error
[main] INFO  tests.LogInLogOutTestPositiveTest  - Info
[main] DEBUG tests.LogInLogOutTestPositiveTest  - Debug
[main] ERROR tests.LogInLogOutTestPositiveTest  - Error
[main] INFO  tests.LogInLogOutTestPositiveTest  - Info
[main] DEBUG tests.LogInLogOutTestPositiveTest  - Debug
[main] INFO  tests.LogInLogOutTestPositiveTest  - Chrome driver already done
[main] INFO  tests.LogInLogOutTestPositiveTest  - Chrome driver already done
[main] INFO  tests.LogInLogOutTestPositiveTest  - Chrome driver already done
[main] INFO  tests.LogInLogOutTestPositiveTest  - Chrome driver already done
[main] INFO  tests.LogInLogOutTestPositiveTest  - Chrome driver already done
[main] INFO  tests.LogInLogOutTestPositiveTest  - Chrome driver already done
[main] INFO  tests.LogInLogOutTestPositiveTest  - Chrome driver already done
[main] INFO  pages.LoginPage  - It`s log from LoginPage
[main] INFO  tests.LogInLogOutTestPositiveTest  - Chrome driver already done
[main] INFO  pages.LoginPage  - It`s log from LoginPage
[main] INFO  tests.LogInLogOutTestPositiveTest  - Chrome driver already done
[main] INFO  pages.LoginPage  - It`s log from LoginPage
